[17:54:07] [main/INFO] (FabricLoader) Loading for game Minecraft 1.16.5
[17:54:07] [main/INFO] (Fabric|Loader) [FabricLoader] Loading 46 mods: fabric-networking-blockentity-v0@0.2.8+ca58154a7d, fabric-screen-handler-api-v1@1.1.1+ca58154a7d, fabric-renderer-api-v1@0.4.4+f74f7c7d7d, minecraft@1.16.5, fabric-keybindings-v0@0.2.1+ca58154a7d, fabric-command-api-v1@1.1.2+f74f7c7d7d, fabricloader@0.11.1, fabric-tool-attribute-api-v1@1.2.7+f74f7c7d7d, fabric-structure-api-v1@1.1.4+ca58154a7d, fabric-renderer-indigo@0.4.4+ca58154a7d, fabric-containers-v0@0.1.10+ca58154a7d, fabric-object-builder-api-v1@1.9.5+f74f7c7d7d, fabric-dimensions-v1@2.0.2+ca58154a7d, java@17, fabric-events-interaction-v0@0.4.2+ca58154a7d, fabric-item-api-v1@1.2.1+ca58154a7d, fabric-crash-report-info-v1@0.1.3+ca58154a7d, fabric-game-rule-api-v1@1.0.6+ca58154a7d, fabric-entity-events-v1@1.0.3+ca58154a7d, fabric-api-base@0.3.0+f74f7c7d7d, fabric-rendering-v0@1.1.2+ca58154a7d, fabric-rendering-v1@1.6.0+2868a2287d, fabric-key-binding-api-v1@1.0.4+f74f7c7d7d, fabric-rendering-data-attachment-v1@0.1.5+ca58154a7d, fabric-resource-loader-v0@0.4.7+6afaa13c7d, cursedearth@${version}, fabric-textures-v0@1.0.6+ca58154a7d, fabric-content-registries-v0@0.2.1+ca58154a7d, fabric-tag-extensions-v0@1.1.1+ca58154a7d, fabric-biome-api-v1@3.1.1+ca58154a7d, fabric-rendering-fluids-v1@0.1.13+ca58154a7d, fabric-commands-v0@0.2.2+ca58154a7d, fabric-registry-sync-v0@0.7.4+ca58154a7d, fabric-blockrenderlayer-v1@1.1.5+ca58154a7d, fabric-lifecycle-events-v1@1.2.1+ca58154a7d, fabric-mining-levels-v0@0.1.3+ca58154a7d, fabric-renderer-registries-v1@2.2.1+ca58154a7d, fabric-networking-api-v1@1.0.4+f74f7c7d7d, fabric-loot-tables-v1@1.0.2+ca58154a7d, fabric-events-lifecycle-v0@0.2.1+ca58154a7d, fabric@0.29.4+1.16, fabric-particles-v1@0.2.4+ca58154a7d, fabric-models-v0@0.2.1+ca58154a7d, fabric-item-groups-v0@0.2.3+ca58154a7d, fabric-object-builders-v0@0.7.2+ca58154a7d, fabric-networking-v0@0.3.2+ca58154a7d
[17:54:07] [main/WARN] (Fabric|Loader) Mod `cursedearth` (${version}) does not respect SemVer - comparison support is limited.
[17:54:07] [main/INFO] (mixin) SpongePowered MIXIN Subsystem Version=0.8.2 Source=file:/C:/Users/Doug/.gradle/caches/modules-2/files-2.1/net.fabricmc/sponge-mixin/0.8.2+build.24/e5a741445d0f425bf3cce946c6cf8c7fb8376b2/sponge-mixin-0.8.2+build.24.jar Service=Knot/Fabric Env=CLIENT
[17:54:07] [main/INFO] (Fabric|MixinBootstrap) Loaded Fabric development mappings for mixin remapper!
[17:54:08] [main/INFO] (mixin) Remapping refMap fabric-networking-blockentity-v0-refmap.json using remapper chain
[17:54:08] [main/INFO] (mixin) Remapping refMap fabric-screen-handler-api-v1-refmap.json using remapper chain
[17:54:08] [main/INFO] (mixin) Remapping refMap fabric-lifecycle-events-v1-refmap.json using remapper chain
[17:54:08] [main/INFO] (mixin) Remapping refMap fabric-containers-v0-refmap.json using remapper chain
[17:54:08] [main/INFO] (mixin) Remapping refMap fabric-renderer-indigo-refmap.json using remapper chain
[17:54:08] [main/INFO] (mixin) Remapping refMap fabric-rendering-data-attachment-v1-refmap.json using remapper chain
[17:54:08] [main/INFO] (mixin) Remapping refMap fabric-structure-api-v1-refmap.json using remapper chain
[17:54:08] [main/INFO] (mixin) Remapping refMap fabric-events-interaction-v0-refmap.json using remapper chain
[17:54:08] [main/INFO] (mixin) Remapping refMap fabric-item-api-v1-refmap.json using remapper chain
[17:54:08] [main/INFO] (mixin) Remapping refMap fabric-loot-tables-v1-refmap.json using remapper chain
[17:54:08] [main/INFO] (mixin) Remapping refMap fabric-object-builder-api-v1-refmap.json using remapper chain
[17:54:08] [main/INFO] (mixin) Remapping refMap fabric-dimensions-v1-refmap.json using remapper chain
[17:54:08] [main/INFO] (mixin) Remapping refMap fabric-renderer-registries-v1-refmap.json using remapper chain
[17:54:08] [main/INFO] (mixin) Remapping refMap fabric-textures-v0-refmap.json using remapper chain
[17:54:08] [main/INFO] (mixin) Remapping refMap fabric-registry-sync-v0-refmap.json using remapper chain
[17:54:08] [main/INFO] (mixin) Remapping refMap fabric-models-v0-refmap.json using remapper chain
[17:54:08] [main/INFO] (mixin) Remapping refMap fabric-blockrenderlayer-v1-refmap.json using remapper chain
[17:54:08] [main/INFO] (mixin) Remapping refMap fabric-renderer-api-v1-refmap.json using remapper chain
[17:54:08] [main/INFO] (mixin) Remapping refMap fabric-containers-v0-refmap.json using remapper chain
[17:54:08] [main/INFO] (mixin) Remapping refMap fabric-rendering-fluids-v1-refmap.json using remapper chain
[17:54:08] [main/INFO] (mixin) Remapping refMap fabric-biome-api-v1-refmap.json using remapper chain
[17:54:08] [main/INFO] (mixin) Remapping refMap fabric-resource-loader-v0-refmap.json using remapper chain
[17:54:08] [main/INFO] (mixin) Remapping refMap fabric-game-rule-api-v1-refmap.json using remapper chain
[17:54:08] [main/INFO] (mixin) Remapping refMap fabric-networking-api-v1-refmap.json using remapper chain
[17:54:08] [main/INFO] (mixin) Remapping refMap fabric-particles-v1-refmap.json using remapper chain
[17:54:08] [main/INFO] (mixin) Remapping refMap fabric-object-builders-refmap.json using remapper chain
[17:54:08] [main/INFO] (mixin) Remapping refMap fabric-tag-extensions-v0-refmap.json using remapper chain
[17:54:08] [main/INFO] (mixin) Remapping refMap fabric-tool-attribute-api-v1-refmap.json using remapper chain
[17:54:08] [main/INFO] (mixin) Remapping refMap fabric-rendering-v1-refmap.json using remapper chain
[17:54:08] [main/INFO] (mixin) Remapping refMap fabric-item-groups-v0-refmap.json using remapper chain
[17:54:08] [main/INFO] (mixin) Remapping refMap fabric-content-registries-v0-refmap.json using remapper chain
[17:54:08] [main/INFO] (mixin) Remapping refMap fabric-command-api-v1-refmap.json using remapper chain
[17:54:08] [main/INFO] (mixin) Remapping refMap fabric-crash-report-info-v1-refmap.json using remapper chain
[17:54:08] [main/INFO] (mixin) Remapping refMap fabric-entity-events-v1-refmap.json using remapper chain
[17:54:08] [main/INFO] (mixin) Remapping refMap fabric-key-binding-api-v1-refmap.json using remapper chain
[17:54:08] [main/INFO] (mixin) Remapping refMap fabric-renderer-api-v1-refmap.json using remapper chain
[17:54:08] [main/WARN] (mixin) @Mixin target net/minecraft/client/render/block/BlockModelRenderer$AmbientOcclusionCalculator is public in fabric-renderer-indigo.mixins.json:MixinAmbientOcclusionCalculator and should be specified in value
[17:54:08] [main/WARN] (mixin) @Mixin target net/minecraft/client/render/chunk/ChunkBuilder$BuiltChunk$RebuildTask is public in fabric-renderer-indigo.mixins.json:MixinChunkRebuildTask and should be specified in value
[17:54:08] [main/WARN] (mixin) @Mixin target net/minecraft/village/TradeOffers$TypeAwareBuyForOneEmeraldFactory is public in fabric-object-builder-v1.mixins.json:TypeAwareTradeMixin and should be specified in value
[17:54:08] [main/WARN] (mixin) @Mixin target net/minecraft/client/font/FontManager$1 is public in fabric-resource-loader-v0.mixins.json:client.FontManagerResourceReloadListenerMixin and should be specified in value
[17:54:08] [main/WARN] (mixin) @Mixin target net/minecraft/server/command/GameRuleCommand$1 is public in fabric-game-rule-api-v1.mixins.json:GameRuleCommandVisitorMixin and should be specified in value
[17:54:08] [main/WARN] (mixin) @Mixin target net/minecraft/client/gui/screen/world/EditGameRulesScreen$RuleListWidget$1 is public in fabric-game-rule-api-v1.mixins.json:client.RuleListWidgetVisitorMixin and should be specified in value
[17:54:08] [main/WARN] (mixin) @Mixin target net/minecraft/server/world/ThreadedAnvilChunkStorage$EntityTracker is public in fabric-networking-api-v1.mixins.json:accessor.EntityTrackerAccessor and should be specified in value
[17:54:08] [main/WARN] (mixin) @Mixin target net/minecraft/client/particle/ParticleManager$SimpleSpriteProvider is public in fabric-particles-v1.mixins.json:ParticleManagerAccessor$SimpleSpriteProviderAccessor and should be specified in value
[17:54:08] [main/WARN] (mixin) @Mixin target net/minecraft/tag/Tag$1 is public in fabric-tag-extensions-v0.mixins.json:MixinTagImpl and should be specified in value
[17:54:08] [main/WARN] (mixin) @Mixin target net/minecraft/tag/RequiredTagList$TagWrapper is public in fabric-tag-extensions-v0.mixins.json:MixinTagImpl and should be specified in value
[17:54:08] [main/WARN] (mixin) @Mixin target net/minecraft/client/render/model/WeightedBakedModel$Entry is public in fabric-renderer-api-v1.mixins.json:client.WeightedBakedModelEntryAccessor and should be specified in value
[17:54:08] [main/WARN] (mixin) Error loading class: java/lang/invoke/MethodHandles$Lookup (java.lang.IllegalArgumentException: Unsupported class file major version 61)
[17:54:08] [main/WARN] (mixin) Error loading class: java/lang/invoke/MethodHandles$Lookup (java.lang.IllegalArgumentException: Unsupported class file major version 61)
[17:54:08] [main/WARN] (mixin) Error loading class: java/lang/invoke/MethodHandles$Lookup (java.lang.IllegalArgumentException: Unsupported class file major version 61)
[17:54:08] [main/WARN] (mixin) Error loading class: java/util/Map$Entry (java.lang.IllegalArgumentException: Unsupported class file major version 61)
[17:54:08] [main/WARN] (mixin) Error loading class: java/lang/invoke/MethodHandles$Lookup (java.lang.IllegalArgumentException: Unsupported class file major version 61)
[17:54:08] [main/WARN] (mixin) Error loading class: java/lang/invoke/MethodHandles$Lookup (java.lang.IllegalArgumentException: Unsupported class file major version 61)
[17:54:08] [main/WARN] (mixin) Error loading class: java/lang/invoke/MethodHandles$Lookup (java.lang.IllegalArgumentException: Unsupported class file major version 61)
[17:54:08] [main/WARN] (mixin) Error loading class: java/lang/invoke/MethodHandles$Lookup (java.lang.IllegalArgumentException: Unsupported class file major version 61)
[17:54:08] [main/WARN] (mixin) Error loading class: java/util/Map$Entry (java.lang.IllegalArgumentException: Unsupported class file major version 61)
[17:54:08] [main/WARN] (mixin) Error loading class: java/lang/invoke/MethodHandles$Lookup (java.lang.IllegalArgumentException: Unsupported class file major version 61)
[17:54:08] [main/WARN] (mixin) Error loading class: java/lang/invoke/MethodHandles$Lookup (java.lang.IllegalArgumentException: Unsupported class file major version 61)
[17:54:08] [main/WARN] (mixin) Error loading class: java/lang/invoke/MethodHandles$Lookup (java.lang.IllegalArgumentException: Unsupported class file major version 61)
[17:54:08] [main/WARN] (mixin) Error loading class: java/lang/invoke/MethodHandles$Lookup (java.lang.IllegalArgumentException: Unsupported class file major version 61)
[17:54:08] [main/WARN] (mixin) Error loading class: java/util/Map$Entry (java.lang.IllegalArgumentException: Unsupported class file major version 61)
[17:54:08] [main/WARN] (mixin) Error loading class: java/lang/invoke/MethodHandles$Lookup (java.lang.IllegalArgumentException: Unsupported class file major version 61)
[17:54:08] [main/WARN] (mixin) Error loading class: java/lang/invoke/MethodHandles$Lookup (java.lang.IllegalArgumentException: Unsupported class file major version 61)
[17:54:08] [main/WARN] (mixin) Error loading class: java/lang/invoke/MethodHandles$Lookup (java.lang.IllegalArgumentException: Unsupported class file major version 61)
[17:54:08] [main/WARN] (mixin) Error loading class: java/lang/invoke/MethodHandles$Lookup (java.lang.IllegalArgumentException: Unsupported class file major version 61)
[17:54:08] [main/WARN] (mixin) Error loading class: java/lang/invoke/MethodHandles$Lookup (java.lang.IllegalArgumentException: Unsupported class file major version 61)
[17:54:08] [main/WARN] (mixin) Error loading class: java/lang/invoke/MethodHandles$Lookup (java.lang.IllegalArgumentException: Unsupported class file major version 61)
[17:54:08] [main/WARN] (mixin) Error loading class: java/lang/invoke/MethodHandles$Lookup (java.lang.IllegalArgumentException: Unsupported class file major version 61)
[17:54:08] [main/WARN] (mixin) Error loading class: java/lang/invoke/MethodHandles$Lookup (java.lang.IllegalArgumentException: Unsupported class file major version 61)
[17:54:08] [main/WARN] (mixin) Error loading class: java/lang/invoke/MethodHandles$Lookup (java.lang.IllegalArgumentException: Unsupported class file major version 61)
[17:54:08] [main/WARN] (mixin) Error loading class: java/util/Map$Entry (java.lang.IllegalArgumentException: Unsupported class file major version 61)
[17:54:08] [main/WARN] (mixin) Error loading class: java/lang/invoke/MethodHandles$Lookup (java.lang.IllegalArgumentException: Unsupported class file major version 61)
[17:54:08] [main/WARN] (mixin) Error loading class: java/lang/invoke/MethodHandles$Lookup (java.lang.IllegalArgumentException: Unsupported class file major version 61)
[17:54:08] [main/WARN] (mixin) Error loading class: java/lang/invoke/MethodHandles$Lookup (java.lang.IllegalArgumentException: Unsupported class file major version 61)
[17:54:09] [main/WARN] (mixin) Error loading class: java/lang/invoke/MethodHandles$Lookup (java.lang.IllegalArgumentException: Unsupported class file major version 61)
[17:54:09] [main/WARN] (mixin) Error loading class: java/util/Map (java.lang.IllegalArgumentException: Unsupported class file major version 61)
[17:54:09] [main/FATAL] (mixin) Mixin apply failed fabric-tool-attribute-api-v1.mixins.json:LivingEntityMixin -> net.minecraft.entity.LivingEntity: org.spongepowered.asm.mixin.transformer.throwables.InvalidMixinException Unexpecteded ClassMetadataNotFoundException whilst transforming the mixin class: [MAIN Applicator Phase -> fabric-tool-attribute-api-v1.mixins.json:LivingEntityMixin -> Apply Methods -> (Lorg/spongepowered/asm/mixin/injection/callback/CallbackInfoReturnable;Ljava/util/Map;[Lnet/minecraft/entity/EquipmentSlot;IILnet/minecraft/entity/EquipmentSlot;Lnet/minecraft/item/ItemStack;Lnet/minecraft/item/ItemStack;)V:handler$zfe000$storeRemoveStackContext -> Transform Descriptor -> desc=Ljava/util/Map;]
org.spongepowered.asm.mixin.transformer.throwables.InvalidMixinException: Unexpecteded ClassMetadataNotFoundException whilst transforming the mixin class: [MAIN Applicator Phase -> fabric-tool-attribute-api-v1.mixins.json:LivingEntityMixin -> Apply Methods -> (Lorg/spongepowered/asm/mixin/injection/callback/CallbackInfoReturnable;Ljava/util/Map;[Lnet/minecraft/entity/EquipmentSlot;IILnet/minecraft/entity/EquipmentSlot;Lnet/minecraft/item/ItemStack;Lnet/minecraft/item/ItemStack;)V:handler$zfe000$storeRemoveStackContext -> Transform Descriptor -> desc=Ljava/util/Map;]
	at org.spongepowered.asm.mixin.transformer.MixinTargetContext.transformMethod(MixinTargetContext.java:490) ~[sponge-mixin-0.8.2+build.24.jar:0.8.2+build.24+unknown-b24.git-unknown]
	at org.spongepowered.asm.mixin.transformer.MixinApplicatorStandard.applyNormalMethod(MixinApplicatorStandard.java:523) ~[sponge-mixin-0.8.2+build.24.jar:0.8.2+build.24+unknown-b24.git-unknown]
	at org.spongepowered.asm.mixin.transformer.MixinApplicatorStandard.applyMethods(MixinApplicatorStandard.java:509) ~[sponge-mixin-0.8.2+build.24.jar:0.8.2+build.24+unknown-b24.git-unknown]
	at org.spongepowered.asm.mixin.transformer.MixinApplicatorStandard.applyMixin(MixinApplicatorStandard.java:381) ~[sponge-mixin-0.8.2+build.24.jar:0.8.2+build.24+unknown-b24.git-unknown]
	at org.spongepowered.asm.mixin.transformer.MixinApplicatorStandard.apply(MixinApplicatorStandard.java:320) ~[sponge-mixin-0.8.2+build.24.jar:0.8.2+build.24+unknown-b24.git-unknown]
	at org.spongepowered.asm.mixin.transformer.TargetClassContext.applyMixins(TargetClassContext.java:345) ~[sponge-mixin-0.8.2+build.24.jar:0.8.2+build.24+unknown-b24.git-unknown]
	at org.spongepowered.asm.mixin.transformer.MixinProcessor.applyMixins(MixinProcessor.java:569) [sponge-mixin-0.8.2+build.24.jar:0.8.2+build.24+unknown-b24.git-unknown]
	at org.spongepowered.asm.mixin.transformer.MixinProcessor.applyMixins(MixinProcessor.java:351) [sponge-mixin-0.8.2+build.24.jar:0.8.2+build.24+unknown-b24.git-unknown]
	at org.spongepowered.asm.mixin.transformer.MixinTransformer.transformClass(MixinTransformer.java:208) [sponge-mixin-0.8.2+build.24.jar:0.8.2+build.24+unknown-b24.git-unknown]
	at org.spongepowered.asm.mixin.transformer.MixinTransformer.transformClassBytes(MixinTransformer.java:178) [sponge-mixin-0.8.2+build.24.jar:0.8.2+build.24+unknown-b24.git-unknown]
	at org.spongepowered.asm.mixin.transformer.FabricMixinTransformerProxy.transformClassBytes(FabricMixinTransformerProxy.java:23) [fabric-loader-0.11.1.jar:0.8.2+build.24+unknown-b24.git-unknown]
	at net.fabricmc.loader.launch.knot.KnotClassDelegate.getPostMixinClassByteArray(KnotClassDelegate.java:157) [fabric-loader-0.11.1.jar:?]
	at net.fabricmc.loader.launch.knot.KnotClassLoader.loadClass(KnotClassLoader.java:150) [fabric-loader-0.11.1.jar:?]
	at java.lang.ClassLoader.loadClass(ClassLoader.java:520) ~[?:?]
	at java.lang.ClassLoader.defineClass1(Native Method) [?:?]
	at java.lang.ClassLoader.defineClass(ClassLoader.java:1012) [?:?]
	at java.security.SecureClassLoader.defineClass(SecureClassLoader.java:150) [?:?]
	at net.fabricmc.loader.launch.knot.KnotClassLoader.loadClass(KnotClassLoader.java:163) [fabric-loader-0.11.1.jar:?]
	at java.lang.ClassLoader.loadClass(ClassLoader.java:520) [?:?]
	at net.minecraft.client.main.Main.main(Main.java:125) [minecraft-merged-named.jar:?]
	at jdk.internal.reflect.NativeMethodAccessorImpl.invoke0(Native Method) ~[?:?]
	at jdk.internal.reflect.NativeMethodAccessorImpl.invoke(NativeMethodAccessorImpl.java:77) ~[?:?]
	at jdk.internal.reflect.DelegatingMethodAccessorImpl.invoke(DelegatingMethodAccessorImpl.java:43) ~[?:?]
	at java.lang.reflect.Method.invoke(Method.java:568) ~[?:?]
	at net.fabricmc.loader.game.MinecraftGameProvider.launch(MinecraftGameProvider.java:226) [fabric-loader-0.11.1.jar:?]
	at net.fabricmc.loader.launch.knot.Knot.init(Knot.java:139) [fabric-loader-0.11.1.jar:?]
	at net.fabricmc.loader.launch.knot.KnotClient.main(KnotClient.java:27) [fabric-loader-0.11.1.jar:?]
	at net.fabricmc.devlaunchinjector.Main.main(Main.java:86) [dev-launch-injector-0.2.1+build.8.jar:?]
Caused by: org.spongepowered.asm.mixin.throwables.ClassMetadataNotFoundException: java.util.Map
	at org.spongepowered.asm.mixin.transformer.MixinTargetContext.transformSingleDescriptor(MixinTargetContext.java:949) ~[sponge-mixin-0.8.2+build.24.jar:0.8.2+build.24+unknown-b24.git-unknown]
	at org.spongepowered.asm.mixin.transformer.MixinTargetContext.transformSingleDescriptor(MixinTargetContext.java:909) ~[sponge-mixin-0.8.2+build.24.jar:0.8.2+build.24+unknown-b24.git-unknown]
	at org.spongepowered.asm.mixin.transformer.MixinTargetContext.transformMethodDescriptor(MixinTargetContext.java:964) ~[sponge-mixin-0.8.2+build.24.jar:0.8.2+build.24+unknown-b24.git-unknown]
	at org.spongepowered.asm.mixin.transformer.MixinTargetContext.transformDescriptor(MixinTargetContext.java:865) ~[sponge-mixin-0.8.2+build.24.jar:0.8.2+build.24+unknown-b24.git-unknown]
	at org.spongepowered.asm.mixin.transformer.MixinTargetContext.transformMethod(MixinTargetContext.java:447) ~[sponge-mixin-0.8.2+build.24.jar:0.8.2+build.24+unknown-b24.git-unknown]
	... 27 more
